C51 COMPILER V9.60.0.0   MAIN                                                              08/07/2021 17:30:29 PAGE 1   


C51 COMPILER V9.60.0.0, COMPILATION OF MODULE MAIN
OBJECT MODULE PLACED IN .\Objects\main.obj
COMPILER INVOKED BY: C:\Keil_v5\C51\BIN\C51.EXE main.c OPTIMIZE(8,SPEED) BROWSE DEBUG OBJECTEXTEND PRINT(.\Listings\main
                    -.lst) TABS(2) OBJECT(.\Objects\main.obj)

line level    source

   1          #include <REGX51.H>
   2          
   3          unsigned char NixieNumber[]={0xfc,0x60,0xda,0xf2,0x66,0xb6,0xbe,0xe0,0xfe,0xe6};
   4          
   5          void Nixie(unsigned char Location,Number)
   6          {
   7   1        switch(Location)
   8   1        {
   9   2          case 1:P1_0=0;P1_1=0;P1_2=0;break;
  10   2          case 2:P1_0=1;P1_1=0;P1_2=0;break;
  11   2          case 3:P1_0=0;P1_1=1;P1_2=0;break;
  12   2          case 4:P1_0=1;P1_1=1;P1_2=0;break;
  13   2          case 5:P1_0=0;P1_1=0;P1_2=1;break;
  14   2          case 6:P1_0=1;P1_1=0;P1_2=1;break;
  15   2          case 7:P1_0=0;P1_1=1;P1_2=1;break;
  16   2          case 8:P1_0=1;P1_1=1;P1_2=1;break;
  17   2        }
  18   1        P2=NixieNumber[Number];
  19   1      }
  20          
  21          void main()
  22          {
  23   1        Nixie(3,8);
  24   1        while(1)
  25   1        {
  26   2          
  27   2        }
  28   1      }


MODULE INFORMATION:   STATIC OVERLAYABLE
   CODE SIZE        =    110    ----
   CONSTANT SIZE    =   ----    ----
   XDATA SIZE       =   ----    ----
   PDATA SIZE       =   ----    ----
   DATA SIZE        =     10    ----
   IDATA SIZE       =   ----    ----
   BIT SIZE         =   ----    ----
END OF MODULE INFORMATION.


C51 COMPILATION COMPLETE.  0 WARNING(S),  0 ERROR(S)
