C51 COMPILER V9.60.0.0   MAIN                                                              04/03/2022 21:53:08 PAGE 1   


C51 COMPILER V9.60.0.0, COMPILATION OF MODULE MAIN
OBJECT MODULE PLACED IN .\Objects\main.obj
COMPILER INVOKED BY: C:\Keil_v5\C51\BIN\C51.EXE main.c OPTIMIZE(8,SPEED) BROWSE DEBUG OBJECTEXTEND PRINT(.\Listings\main
                    -.lst) OBJECT(.\Objects\main.obj)

line level    source

   1          #include <REGX52.H>
   2          
   3          sbit LED=P2^0;
   4          
   5          void Delay(unsigned char t)
   6          {
   7   1              while(t--);
   8   1      }
   9          
  10          int main()
  11          {
  12   1              unsigned char Time;
  13   1              unsigned char i;
  14   1              while(1)
  15   1              {
  16   2                      for(Time=0;Time<100;Time++)
  17   2                      {
  18   3                              for(i=0;i<20;i++)
  19   3                              {
  20   4                                      LED=1;
  21   4                                      Delay(Time);
  22   4                                      LED=0;
  23   4                                      Delay(100-Time);
  24   4                              }
  25   3                              
  26   3                      }
  27   2                      for(Time=100;Time>0;Time--)
  28   2                      {
  29   3                              for(i=0;i<20;i++)
  30   3                              {
  31   4                                      LED=1;
  32   4                                      Delay(Time);
  33   4                                      LED=0;
  34   4                                      Delay(100-Time);
  35   4                              }
  36   3                              
  37   3                      }
  38   2              }
  39   1              
  40   1      }


MODULE INFORMATION:   STATIC OVERLAYABLE
   CODE SIZE        =     87    ----
   CONSTANT SIZE    =   ----    ----
   XDATA SIZE       =   ----    ----
   PDATA SIZE       =   ----    ----
   DATA SIZE        =   ----    ----
   IDATA SIZE       =   ----    ----
   BIT SIZE         =   ----    ----
END OF MODULE INFORMATION.


C51 COMPILATION COMPLETE.  0 WARNING(S),  0 ERROR(S)
