C51 COMPILER V9.60.0.0   MAIN                                                              08/06/2021 22:58:54 PAGE 1   


C51 COMPILER V9.60.0.0, COMPILATION OF MODULE MAIN
OBJECT MODULE PLACED IN .\Objects\main.obj
COMPILER INVOKED BY: C:\Keil_v5\C51\BIN\C51.EXE main.c OPTIMIZE(8,SPEED) BROWSE DEBUG OBJECTEXTEND PRINT(.\Listings\main
                    -.lst) TABS(2) OBJECT(.\Objects\main.obj)

line level    source

   1          #include <REGX51.H>
   2          void Delay100ms()   //@24.000MHz
   3          {
   4   1        unsigned char i, j, k;
   5   1      
   6   1      
   7   1        i = 10;
   8   1        j = 31;
   9   1        k = 147;
  10   1        do
  11   1        {
  12   2          do
  13   2          {
  14   3            while (--k);
  15   3          } while (--j);
  16   2        } while (--i);
  17   1      }
  18          
  19          
  20          void main()
  21          {
  22   1        while(1)
  23   1        {
  24   2          P2=0x01;//0000 0001
  25   2          Delay100ms();
  26   2          P2=0x02;//0000 0010
  27   2          Delay100ms();
  28   2          P2=0x04;//0000 0100
  29   2          Delay100ms();
  30   2          P2=0x08;//0000 1000
  31   2          Delay100ms();
  32   2          P2=0x10;//0001 0000
  33   2          Delay100ms();
  34   2          P2=0x20;//0010 0000
  35   2          Delay100ms();
  36   2          P2=0x40;//0100 0000
  37   2          Delay100ms();
  38   2          P2=0x80;//1000 0000
  39   2          Delay100ms();
  40   2        }
  41   1      }


MODULE INFORMATION:   STATIC OVERLAYABLE
   CODE SIZE        =     63    ----
   CONSTANT SIZE    =   ----    ----
   XDATA SIZE       =   ----    ----
   PDATA SIZE       =   ----    ----
   DATA SIZE        =   ----    ----
   IDATA SIZE       =   ----    ----
   BIT SIZE         =   ----    ----
END OF MODULE INFORMATION.


C51 COMPILATION COMPLETE.  0 WARNING(S),  0 ERROR(S)
