C51 COMPILER V9.60.0.0   MAIN                                                              08/06/2021 23:22:31 PAGE 1   


C51 COMPILER V9.60.0.0, COMPILATION OF MODULE MAIN
OBJECT MODULE PLACED IN .\Objects\main.obj
COMPILER INVOKED BY: C:\Keil_v5\C51\BIN\C51.EXE main.c OPTIMIZE(8,SPEED) BROWSE DEBUG OBJECTEXTEND PRINT(.\Listings\main
                    -.lst) TABS(2) OBJECT(.\Objects\main.obj)

line level    source

   1          #include <REGX51.H>
   2          
   3          void Delay1ms(unsigned int xms)   //@24.000MHz
   4          {
   5   1        unsigned char i, j;
   6   1        while(xms)
   7   1        {
   8   2          i = 24;
   9   2          j = 85;
  10   2          do
  11   2          {
  12   3            while (--j);
  13   3          } while (--i);
  14   2          xms--;
  15   2        }
  16   1      }
  17          
  18          void main()
  19          {
  20   1        while(1)
  21   1        {
  22   2          P2=0x01;//0000 0001
  23   2          Delay1ms(10);
  24   2          P2=0x02;//0000 0010
  25   2          Delay1ms(10);
  26   2          P2=0x04;//0000 0100
  27   2          Delay1ms(10);
  28   2          P2=0x08;//0000 1000
  29   2          Delay1ms(10);
  30   2          P2=0x10;//0001 0000
  31   2          Delay1ms(10);
  32   2          P2=0x20;//0010 0000
  33   2          Delay1ms(10);
  34   2          P2=0x40;//0100 0000
  35   2          Delay1ms(10);
  36   2          P2=0x80;//1000 0000
  37   2          Delay1ms(10);
  38   2        }
  39   1      }
  40            


MODULE INFORMATION:   STATIC OVERLAYABLE
   CODE SIZE        =     74    ----
   CONSTANT SIZE    =   ----    ----
   XDATA SIZE       =   ----    ----
   PDATA SIZE       =   ----    ----
   DATA SIZE        =   ----    ----
   IDATA SIZE       =   ----    ----
   BIT SIZE         =   ----    ----
END OF MODULE INFORMATION.


C51 COMPILATION COMPLETE.  0 WARNING(S),  0 ERROR(S)
