C51 COMPILER V9.60.0.0   MATRIXKEY                                                         08/16/2021 16:39:19 PAGE 1   


C51 COMPILER V9.60.0.0, COMPILATION OF MODULE MATRIXKEY
OBJECT MODULE PLACED IN .\Objects\MatrixKey.obj
COMPILER INVOKED BY: C:\Keil_v5\C51\BIN\C51.EXE MatrixKey.c OPTIMIZE(8,SPEED) BROWSE DEBUG OBJECTEXTEND PRINT(.\Listings
                    -\MatrixKey.lst) OBJECT(.\Objects\MatrixKey.obj)

line level    source

   1          #include <REGX52.H>
   2          #include "Delay.h"
   3          unsigned char MatrixKey()
   4          {
   5   1              unsigned char MatNumber=0;
   6   1              P1=0xff;
   7   1              P1_0=0;
   8   1              if(P1_4==0){Delay(20);while(P1_4==0);Delay(20);MatNumber=1;}
   9   1              if(P1_5==0){Delay(20);while(P1_5==0);Delay(20);MatNumber=2;}
  10   1              if(P1_6==0){Delay(20);while(P1_6==0);Delay(20);MatNumber=3;}
  11   1              if(P1_7==0){Delay(20);while(P1_7==0);Delay(20);MatNumber=4;}
  12   1              P1=0xff;
  13   1              P1_1=0;
  14   1              if(P1_4==0){Delay(20);while(P1_4==0);Delay(20);MatNumber=5;}
  15   1              if(P1_5==0){Delay(20);while(P1_5==0);Delay(20);MatNumber=6;}
  16   1              if(P1_6==0){Delay(20);while(P1_6==0);Delay(20);MatNumber=7;}
  17   1              if(P1_7==0){Delay(20);while(P1_7==0);Delay(20);MatNumber=8;}
  18   1              P1=0xff;
  19   1              P1_2=0;
  20   1              if(P1_4==0){Delay(20);while(P1_4==0);Delay(20);MatNumber=9;}
  21   1              if(P1_5==0){Delay(20);while(P1_5==0);Delay(20);MatNumber=10;}
  22   1              if(P1_6==0){Delay(20);while(P1_6==0);Delay(20);MatNumber=11;}
  23   1              if(P1_7==0){Delay(20);while(P1_7==0);Delay(20);MatNumber=12;}
  24   1              P1=0xff;
  25   1              P1_3=0;
  26   1              if(P1_4==0){Delay(20);while(P1_4==0);Delay(20);MatNumber=13;}
  27   1              if(P1_5==0){Delay(20);while(P1_5==0);Delay(20);MatNumber=14;}
  28   1              if(P1_6==0){Delay(20);while(P1_6==0);Delay(20);MatNumber=15;}
  29   1              if(P1_7==0){Delay(20);while(P1_7==0);Delay(20);MatNumber=16;}
  30   1              return MatNumber;
  31   1      }


MODULE INFORMATION:   STATIC OVERLAYABLE
   CODE SIZE        =    393    ----
   CONSTANT SIZE    =   ----    ----
   XDATA SIZE       =   ----    ----
   PDATA SIZE       =   ----    ----
   DATA SIZE        =   ----       1
   IDATA SIZE       =   ----    ----
   BIT SIZE         =   ----    ----
END OF MODULE INFORMATION.


C51 COMPILATION COMPLETE.  0 WARNING(S),  0 ERROR(S)
