C51 COMPILER V9.60.0.0   MAIN                                                              04/03/2022 00:25:34 PAGE 1   


C51 COMPILER V9.60.0.0, COMPILATION OF MODULE MAIN
OBJECT MODULE PLACED IN .\Objects\main.obj
COMPILER INVOKED BY: C:\Keil_v5\C51\BIN\C51.EXE main.c OPTIMIZE(8,SPEED) BROWSE DEBUG OBJECTEXTEND PRINT(.\Listings\main
                    -.lst) OBJECT(.\Objects\main.obj)

line level    source

   1          #include <REGX52.H>
   2          #include "LCD1602.H"
   3          #include "Delay.h"
   4          int main()
   5          {
   6   1              LCD_Init();
   7   1              LCD_ShowChar(2,3,'\\');
   8   1              LCD_ShowString(1,3,"Hello");
   9   1              LCD_ShowNumber(1,9,66,2);
  10   1              LCD_ShowSignedNumber(1,11,-88,2);
  11   1              LCD_ShowHexNumber(2,1,0xA5,2);
  12   1              LCD_ShowBinNumber(2,4,0xA5,8);
  13   1              LCD_ShowChar(2,13,0xdf);
  14   1              LCD_ShowChar(2,14,'C');
  15   1              LCD_ShowString(1,16,"Welcome to Chian!");
  16   1              while(1)
  17   1              {
  18   2                      LCD_WriteCommand(0x18);
  19   2                      Delay(50);
  20   2              }
  21   1      }


MODULE INFORMATION:   STATIC OVERLAYABLE
   CODE SIZE        =    155    ----
   CONSTANT SIZE    =     24    ----
   XDATA SIZE       =   ----    ----
   PDATA SIZE       =   ----    ----
   DATA SIZE        =   ----    ----
   IDATA SIZE       =   ----    ----
   BIT SIZE         =   ----    ----
END OF MODULE INFORMATION.


C51 COMPILATION COMPLETE.  0 WARNING(S),  0 ERROR(S)
