C51 COMPILER V9.60.0.0   MAIN                                                              08/07/2021 19:02:23 PAGE 1   


C51 COMPILER V9.60.0.0, COMPILATION OF MODULE MAIN
OBJECT MODULE PLACED IN .\Objects\main.obj
COMPILER INVOKED BY: C:\Keil_v5\C51\BIN\C51.EXE main.c OPTIMIZE(8,SPEED) BROWSE DEBUG OBJECTEXTEND PRINT(.\Listings\main
                    -.lst) TABS(2) OBJECT(.\Objects\main.obj)

line level    source

   1          #include <REGX51.H>
   2          #include <intrins.h>
   3          
   4          unsigned char NixieNumber[]={0xfc,0x60,0xda,0xf2,0x66,0xb6,0xbe,0xe0,0xfe,0xe6};
   5          
   6          void Nixie(unsigned char Location,Number)
   7          {
   8   1        switch(Location)
   9   1        {
  10   2          case 1:P1_0=0;P1_1=0;P1_2=0;break;
  11   2          case 2:P1_0=1;P1_1=0;P1_2=0;break;
  12   2          case 3:P1_0=0;P1_1=1;P1_2=0;break;
  13   2          case 4:P1_0=1;P1_1=1;P1_2=0;break;
  14   2          case 5:P1_0=0;P1_1=0;P1_2=1;break;
  15   2          case 6:P1_0=1;P1_1=0;P1_2=1;break;
  16   2          case 7:P1_0=0;P1_1=1;P1_2=1;break;
  17   2          case 8:P1_0=1;P1_1=1;P1_2=1;break;
  18   2        }
  19   1        P2=NixieNumber[Number];
  20   1        _nop_();
  21   1        _nop_();
  22   1        P2=0x00;
  23   1      
  24   1      }
  25          
  26          void main()
  27          {
  28   1        while(1)
  29   1        {
  30   2          Nixie(1,1);
  31   2          Nixie(2,2);
  32   2          Nixie(3,3);
  33   2          Nixie(4,4);
  34   2          Nixie(5,5);
  35   2          Nixie(6,6);
  36   2          Nixie(7,7);
  37   2          Nixie(8,8);
  38   2        }
  39   1      }


MODULE INFORMATION:   STATIC OVERLAYABLE
   CODE SIZE        =    135    ----
   CONSTANT SIZE    =   ----    ----
   XDATA SIZE       =   ----    ----
   PDATA SIZE       =   ----    ----
   DATA SIZE        =     10    ----
   IDATA SIZE       =   ----    ----
   BIT SIZE         =   ----    ----
END OF MODULE INFORMATION.


C51 COMPILATION COMPLETE.  0 WARNING(S),  0 ERROR(S)
