C51 COMPILER V9.60.0.0   NIXIE                                                             08/07/2021 20:50:46 PAGE 1   


C51 COMPILER V9.60.0.0, COMPILATION OF MODULE NIXIE
OBJECT MODULE PLACED IN .\Objects\Nixie.obj
COMPILER INVOKED BY: C:\Keil_v5\C51\BIN\C51.EXE Nixie.c OPTIMIZE(8,SPEED) BROWSE DEBUG OBJECTEXTEND PRINT(.\Listings\Nix
                    -ie.lst) OBJECT(.\Objects\Nixie.obj)

line level    source

   1          #include <regx51.h>
   2          #include "Delay.h"
   3          
   4          unsigned char NixieNumber[]={0xfc,0x60,0xda,0xf2,0x66,0xb6,0xbe,0xe0,0xfe,0xe6};
   5          
   6          void Nixie(unsigned char Location,Number)
   7          {
   8   1              switch(Location)
   9   1              {
  10   2                      case 1:P1_0=0;P1_1=0;P1_2=0;break;
  11   2                      case 2:P1_0=1;P1_1=0;P1_2=0;break;
  12   2                      case 3:P1_0=0;P1_1=1;P1_2=0;break;
  13   2                      case 4:P1_0=1;P1_1=1;P1_2=0;break;
  14   2                      case 5:P1_0=0;P1_1=0;P1_2=1;break;
  15   2                      case 6:P1_0=1;P1_1=0;P1_2=1;break;
  16   2                      case 7:P1_0=0;P1_1=1;P1_2=1;break;
  17   2                      case 8:P1_0=1;P1_1=1;P1_2=1;break;
  18   2              }
  19   1              P2=NixieNumber[Number];
  20   1              Delay(1);
  21   1              P2=0x00;
  22   1      
  23   1      }


MODULE INFORMATION:   STATIC OVERLAYABLE
   CODE SIZE        =    109    ----
   CONSTANT SIZE    =   ----    ----
   XDATA SIZE       =   ----    ----
   PDATA SIZE       =   ----    ----
   DATA SIZE        =     10    ----
   IDATA SIZE       =   ----    ----
   BIT SIZE         =   ----    ----
END OF MODULE INFORMATION.


C51 COMPILATION COMPLETE.  0 WARNING(S),  0 ERROR(S)
