C51 COMPILER V9.60.0.0   MAIN                                                              08/07/2021 07:16:48 PAGE 1   


C51 COMPILER V9.60.0.0, COMPILATION OF MODULE MAIN
OBJECT MODULE PLACED IN .\Objects\main.obj
COMPILER INVOKED BY: C:\Keil_v5\C51\BIN\C51.EXE main.c OPTIMIZE(8,SPEED) BROWSE DEBUG OBJECTEXTEND PRINT(.\Listings\main
                    -.lst) TABS(2) OBJECT(.\Objects\main.obj)

line level    source

   1          #include <REGX51.H>
   2          
   3          void Delay(unsigned int xms)  
   4          {
   5   1        unsigned char i, j;
   6   1        while(xms--)
   7   1        {
   8   2        i = 4;
   9   2        j = 225;
  10   2        do
  11   2        {
  12   3          while (--j);
  13   3        } while (--i);
  14   2        }
  15   1      }
  16          
  17          
  18          void main()
  19          {
  20   1        unsigned char LEDNum=1;
  21   1        P2=0x01;
  22   1        while(1)
  23   1        {
  24   2          if(P3_0==0)
  25   2          {
  26   3            Delay(20);
  27   3            while(P3_0==0);
  28   3            Delay(20);
  29   3            LEDNum++;
  30   3            P2=LEDNum;
  31   3          }
  32   2        }
  33   1      }


MODULE INFORMATION:   STATIC OVERLAYABLE
   CODE SIZE        =     51    ----
   CONSTANT SIZE    =   ----    ----
   XDATA SIZE       =   ----    ----
   PDATA SIZE       =   ----    ----
   DATA SIZE        =   ----    ----
   IDATA SIZE       =   ----    ----
   BIT SIZE         =   ----    ----
END OF MODULE INFORMATION.


C51 COMPILATION COMPLETE.  0 WARNING(S),  0 ERROR(S)
